<?xml version="1.0" encoding="utf-8"?><testsuites name="pytest tests"><testsuite name="pytest" errors="0" failures="0" skipped="0" tests="7" time="19.036" timestamp="2026-09-03T10:35:56.756988+08:00" hostname="externalbrain"><testcase classname="test_lif_network" name="test_external_rate_reduces_to_eta_events_per_step" time="0.003" /><testcase classname="test_lif_network" name="test_fixed_fan_in_has_unique_sources_and_no_autapses" time="0.004" /><testcase classname="test_lif_network" name="test_brainevent_fixed_fan_in_counts_and_preserves_voltage_unit" time="4.890" /><testcase classname="test_lif_network" name="test_ring_delay_delivers_an_impulse_after_exactly_15_steps" time="0.329" /><testcase classname="test_lif_network" name="test_lif_refractory_interval_is_at_least_two_ms" time="0.289" /><testcase classname="test_lif_network" name="test_small_rollout_replays_exactly" time="8.907" /><testcase classname="test_lif_network" name="test_config_is_locked_to_approved_contract" time="0.001" /></testsuite></testsuites>